<<<<<<< HEAD
20:02 14/Mar/2021 INFO :com.cg.onlineshopping.OnlineShoppingApplication[main] Before starting the application 17 
20:02 14/Mar/2021 INFO :com.cg.onlineshopping.OnlineShoppingApplication[main] Before starting the application 17 
20:02 14/Mar/2021 INFO :com.cg.onlineshopping.OnlineShoppingApplication[main] Application just started 19 
20:05 14/Mar/2021 INFO :com.cg.onlineshopping.OnlineShoppingApplication[main] Before starting the application 17 
20:05 14/Mar/2021 INFO :com.cg.onlineshopping.OnlineShoppingApplication[main] Before starting the application 17 
20:05 14/Mar/2021 INFO :com.cg.onlineshopping.OnlineShoppingApplication[main] Application just started 19 
20:06 14/Mar/2021 INFO :com.cg.onlineshopping.OnlineShoppingApplication[main] Before starting the application 17 
20:06 14/Mar/2021 INFO :com.cg.onlineshopping.OnlineShoppingApplication[main] Application just started 19 
20:07 14/Mar/2021 INFO :com.cg.onlineshopping.OnlineShoppingApplication[main] Before starting the application 17 
20:07 14/Mar/2021 INFO :com.cg.onlineshopping.OnlineShoppingApplication[main] Application just started 19 
20:07 14/Mar/2021 INFO :com.cg.onlineshopping.OnlineShoppingApplication[main] Before starting the application 17 
20:07 14/Mar/2021 INFO :com.cg.onlineshopping.OnlineShoppingApplication[main] Application just started 19 
20:08 14/Mar/2021 INFO :com.cg.onlineshopping.controller.ProductRestController[createProduct] New product added into the Database 65 
20:08 14/Mar/2021 INFO :com.cg.onlineshopping.controller.ProductRestController[createProduct] New product added into the Database 65 
20:08 14/Mar/2021 ERROR :com.cg.onlineshopping.exception.AlreadyExistsException[<init>] Product with same name exists. 29 
20:08 14/Mar/2021 INFO :com.cg.onlineshopping.controller.ProductRestController[showAllProducts] Viewed All Products Present in the Database 56 
20:08 14/Mar/2021 INFO :com.cg.onlineshopping.controller.ProductRestController[updateProduct] Existing product updated in the Database 74 
20:08 14/Mar/2021 INFO :com.cg.onlineshopping.controller.ProductRestController[showProductById] Controller Triggered 82 
20:08 14/Mar/2021 INFO :com.cg.onlineshopping.controller.ProductRestController[showProductByCategory] Controller Triggered 100 
20:09 14/Mar/2021 INFO :com.cg.onlineshopping.controller.ProductRestController[deleteProduct] Controller Triggered 91 
20:10 14/Mar/2021 INFO :com.cg.onlineshopping.controller.LoginRestController[addUser] New User added into the Database 48 
20:10 14/Mar/2021 INFO :com.cg.onlineshopping.controller.LoginRestController[addUser] New User added into the Database 48 
20:11 14/Mar/2021 INFO :com.cg.onlineshopping.controller.LoginRestController[validateUser] Validating user 69 
20:12 14/Mar/2021 INFO :com.cg.onlineshopping.controller.LoginRestController[signOut] User signed out successfully 80 
20:13 14/Mar/2021 INFO :com.cg.onlineshopping.controller.CustomerRestController[createCustomer] New customer added into the Database 58 
20:13 14/Mar/2021 INFO :com.cg.onlineshopping.controller.CustomerRestController[showCustomerById] Controller Triggered 91 
20:13 14/Mar/2021 INFO :com.cg.onlineshopping.controller.CustomerRestController[updateCustomer] Existing customer updated in the Database 70 
20:13 14/Mar/2021 INFO :com.cg.onlineshopping.controller.CustomerRestController[deleteCustomer] Controller Triggered 80 
20:13 14/Mar/2021 INFO :com.cg.onlineshopping.controller.AddressRestController[createAddress] New address added into the Database 58 
20:14 14/Mar/2021 INFO :com.cg.onlineshopping.controller.AddressRestController[showAddressById] Controller Triggered 90 
20:14 14/Mar/2021 INFO :com.cg.onlineshopping.controller.AddressRestController[showAddressById] Controller Triggered 90 
20:14 14/Mar/2021 INFO :com.cg.onlineshopping.controller.AddressRestController[deleteAddress] Controller Triggered 78 
20:19 14/Mar/2021 INFO :com.cg.onlineshopping.controller.OrderRestController[addOrder] New order added into the Database 56 
20:20 14/Mar/2021 INFO :com.cg.onlineshopping.controller.OrderRestController[viewOrder] Order displayed by ID 84 
20:20 14/Mar/2021 INFO :com.cg.onlineshopping.controller.OrderRestController[viewAllOrder] All the orders in the database are displayed 92 
20:20 14/Mar/2021 INFO :com.cg.onlineshopping.controller.OrderRestController[viewAllOrdersByAddressId] View All Orders based On Address ID 109 
20:21 14/Mar/2021 INFO :com.cg.onlineshopping.controller.OrderRestController[viewAllOrdersCustomer] View All Orders based On Customer ID 117 
20:21 14/Mar/2021 INFO :com.cg.onlineshopping.controller.OrderRestController[removeOrder] Existing Order deleted in the Database 75 
20:23 14/Mar/2021 INFO :com.cg.onlineshopping.OnlineShoppingApplication[main] Before starting the application 17 
20:23 14/Mar/2021 INFO :com.cg.onlineshopping.OnlineShoppingApplication[main] Application just started 19 
20:34 14/Mar/2021 INFO :com.cg.onlineshopping.OnlineShoppingApplication[main] Before starting the application 17 
20:34 14/Mar/2021 INFO :com.cg.onlineshopping.OnlineShoppingApplication[main] Before starting the application 17 
20:34 14/Mar/2021 INFO :com.cg.onlineshopping.OnlineShoppingApplication[main] Application just started 19 
20:43 14/Mar/2021 INFO :com.cg.onlineshopping.controller.ProductRestController[createProduct] New product added into the Database 63 
=======
18:45 14/Mar/2021 INFO :com.cg.onlineshopping.controller.OrderRestController[addOrder] New order added into the Database 56 
18:54 14/Mar/2021 INFO :com.cg.onlineshopping.controller.ProductRestController[createProduct] New product added into the Database 63 
18:54 14/Mar/2021 INFO :com.cg.onlineshopping.controller.ProductRestController[showAllProducts] Viewed All Products Present in the Database 55 
19:01 14/Mar/2021 INFO :com.cg.onlineshopping.controller.OrderRestController[addOrder] New order added into the Database 56 
19:02 14/Mar/2021 INFO :com.cg.onlineshopping.controller.ProductRestController[createProduct] New product added into the Database 63 
19:03 14/Mar/2021 INFO :com.cg.onlineshopping.controller.ProductRestController[showAllProducts] Viewed All Products Present in the Database 55 
19:04 14/Mar/2021 INFO :com.cg.onlineshopping.controller.ProductRestController[updateProduct] Existing product updated in the Database 71 
19:04 14/Mar/2021 INFO :com.cg.onlineshopping.controller.ProductRestController[showProductById] Controller Triggered 78 
19:04 14/Mar/2021 INFO :com.cg.onlineshopping.controller.ProductRestController[showProductByCategory] Controller Triggered 94 
20:29 14/Mar/2021 INFO :com.cg.onlineshopping.controller.CartRestController[addProductToCart] Added All Products to Cart Database 48 
20:32 14/Mar/2021 INFO :com.cg.onlineshopping.OnlineShoppingApplication[main] Before starting the application 17 
20:32 14/Mar/2021 INFO :com.cg.onlineshopping.OnlineShoppingApplication[main] Application just started 19 
>>>>>>> 01ed539f4d90fbe53ed1732f5ef026d4f0f399cd
21:06 14/Mar/2021 INFO :com.cg.onlineshopping.controller.ProductRestController[showAllProducts] Viewed All Products Present in the Database 55 
18:27 03/Apr/2021 INFO :com.cg.onlineshopping.controller.ProductRestController[showAllProducts] Viewed All Products Present in the Database 55 
18:27 03/Apr/2021 INFO :com.cg.onlineshopping.controller.ProductRestController[createProduct] New product added into the Database 63 
18:27 03/Apr/2021 INFO :com.cg.onlineshopping.controller.ProductRestController[showAllProducts] Viewed All Products Present in the Database 55 
18:28 03/Apr/2021 INFO :com.cg.onlineshopping.controller.ProductRestController[showAllProducts] Viewed All Products Present in the Database 57 
21:03 03/Apr/2021 INFO :com.cg.onlineshopping.controller.ProductRestController[createProduct] New product added into the Database 65 
21:03 03/Apr/2021 INFO :com.cg.onlineshopping.controller.ProductRestController[showAllProducts] Viewed All Products Present in the Database 57 
21:03 03/Apr/2021 INFO :com.cg.onlineshopping.controller.ProductRestController[showProductById] Controller Triggered 80 
21:03 03/Apr/2021 INFO :com.cg.onlineshopping.controller.ProductRestController[showAllProducts] Viewed All Products Present in the Database 57 
21:03 03/Apr/2021 INFO :com.cg.onlineshopping.controller.ProductRestController[showAllProducts] Viewed All Products Present in the Database 57 
10:20 04/Apr/2021 INFO :com.cg.onlineshopping.controller.ProductRestController[showAllProducts] Viewed All Products Present in the Database 57 
10:21 04/Apr/2021 INFO :com.cg.onlineshopping.controller.ProductRestController[showAllProducts] Viewed All Products Present in the Database 57 
10:21 04/Apr/2021 INFO :com.cg.onlineshopping.controller.ProductRestController[showAllProducts] Viewed All Products Present in the Database 57 
10:21 04/Apr/2021 INFO :com.cg.onlineshopping.controller.ProductRestController[showProductById] Controller Triggered 80 
10:21 04/Apr/2021 INFO :com.cg.onlineshopping.controller.ProductRestController[showAllProducts] Viewed All Products Present in the Database 57 
10:21 04/Apr/2021 INFO :com.cg.onlineshopping.controller.ProductRestController[deleteProduct] Controller Triggered 88 
10:21 04/Apr/2021 INFO :com.cg.onlineshopping.controller.ProductRestController[showProductById] Controller Triggered 80 
10:22 04/Apr/2021 INFO :com.cg.onlineshopping.controller.ProductRestController[createProduct] New product added into the Database 65 
10:22 04/Apr/2021 INFO :com.cg.onlineshopping.controller.ProductRestController[showAllProducts] Viewed All Products Present in the Database 57 
10:22 04/Apr/2021 INFO :com.cg.onlineshopping.controller.ProductRestController[showAllProducts] Viewed All Products Present in the Database 57 
10:23 04/Apr/2021 INFO :com.cg.onlineshopping.controller.ProductRestController[showAllProducts] Viewed All Products Present in the Database 57 
10:33 04/Apr/2021 INFO :com.cg.onlineshopping.controller.ProductRestController[showAllProducts] Viewed All Products Present in the Database 57 
10:34 04/Apr/2021 INFO :com.cg.onlineshopping.controller.ProductRestController[showAllProducts] Viewed All Products Present in the Database 57 
10:34 04/Apr/2021 INFO :com.cg.onlineshopping.controller.ProductRestController[showAllProducts] Viewed All Products Present in the Database 57 
10:38 04/Apr/2021 INFO :com.cg.onlineshopping.controller.ProductRestController[showAllProducts] Viewed All Products Present in the Database 57 
10:46 04/Apr/2021 INFO :com.cg.onlineshopping.controller.ProductRestController[showAllProducts] Viewed All Products Present in the Database 57 
11:34 04/Apr/2021 INFO :com.cg.onlineshopping.controller.ProductRestController[showAllProducts] Viewed All Products Present in the Database 57 
11:09 05/Apr/2021 INFO :com.cg.onlineshopping.controller.ProductRestController[createProduct] New product added into the Database 65 
11:09 05/Apr/2021 INFO :com.cg.onlineshopping.controller.ProductRestController[showAllProducts] Viewed All Products Present in the Database 57 
12:17 05/Apr/2021 INFO :com.cg.onlineshopping.controller.ProductRestController[showAllProducts] Viewed All Products Present in the Database 57 
12:18 05/Apr/2021 INFO :com.cg.onlineshopping.controller.ProductRestController[showAllProducts] Viewed All Products Present in the Database 57 
12:21 05/Apr/2021 INFO :com.cg.onlineshopping.controller.ProductRestController[showAllProducts] Viewed All Products Present in the Database 57 
12:21 05/Apr/2021 INFO :com.cg.onlineshopping.controller.ProductRestController[showAllProducts] Viewed All Products Present in the Database 57 
12:47 05/Apr/2021 INFO :com.cg.onlineshopping.controller.ProductRestController[showAllProducts] Viewed All Products Present in the Database 57 
13:28 05/Apr/2021 INFO :com.cg.onlineshopping.controller.ProductRestController[showAllProducts] Viewed All Products Present in the Database 57 
13:58 05/Apr/2021 INFO :com.cg.onlineshopping.controller.ProductRestController[showAllProducts] Viewed All Products Present in the Database 57 
14:01 05/Apr/2021 INFO :com.cg.onlineshopping.controller.ProductRestController[showAllProducts] Viewed All Products Present in the Database 57 
14:01 05/Apr/2021 INFO :com.cg.onlineshopping.controller.ProductRestController[createProduct] New product added into the Database 65 
14:01 05/Apr/2021 INFO :com.cg.onlineshopping.controller.ProductRestController[showAllProducts] Viewed All Products Present in the Database 57 
14:04 05/Apr/2021 INFO :com.cg.onlineshopping.controller.ProductRestController[showAllProducts] Viewed All Products Present in the Database 57 
14:04 05/Apr/2021 INFO :com.cg.onlineshopping.controller.ProductRestController[showAllProducts] Viewed All Products Present in the Database 57 
14:23 05/Apr/2021 INFO :com.cg.onlineshopping.controller.ProductRestController[showAllProducts] Viewed All Products Present in the Database 57 
14:24 05/Apr/2021 INFO :com.cg.onlineshopping.controller.ProductRestController[showAllProducts] Viewed All Products Present in the Database 57 
14:30 05/Apr/2021 INFO :com.cg.onlineshopping.controller.ProductRestController[showAllProducts] Viewed All Products Present in the Database 57 
14:31 05/Apr/2021 INFO :com.cg.onlineshopping.controller.ProductRestController[showAllProducts] Viewed All Products Present in the Database 57 
14:31 05/Apr/2021 INFO :com.cg.onlineshopping.controller.ProductRestController[showAllProducts] Viewed All Products Present in the Database 57 
14:32 05/Apr/2021 INFO :com.cg.onlineshopping.controller.ProductRestController[showAllProducts] Viewed All Products Present in the Database 57 
14:33 05/Apr/2021 INFO :com.cg.onlineshopping.controller.ProductRestController[showAllProducts] Viewed All Products Present in the Database 57 
14:42 05/Apr/2021 INFO :com.cg.onlineshopping.controller.ProductRestController[showAllProducts] Viewed All Products Present in the Database 57 
14:45 05/Apr/2021 INFO :com.cg.onlineshopping.controller.ProductRestController[showAllProducts] Viewed All Products Present in the Database 57 
14:45 05/Apr/2021 INFO :com.cg.onlineshopping.controller.ProductRestController[showAllProducts] Viewed All Products Present in the Database 57 
14:48 05/Apr/2021 INFO :com.cg.onlineshopping.controller.ProductRestController[showAllProducts] Viewed All Products Present in the Database 57 
14:52 05/Apr/2021 INFO :com.cg.onlineshopping.controller.ProductRestController[showAllProducts] Viewed All Products Present in the Database 57 
14:52 05/Apr/2021 INFO :com.cg.onlineshopping.controller.ProductRestController[showAllProducts] Viewed All Products Present in the Database 57 
15:00 05/Apr/2021 INFO :com.cg.onlineshopping.controller.ProductRestController[showAllProducts] Viewed All Products Present in the Database 57 
15:01 05/Apr/2021 INFO :com.cg.onlineshopping.controller.ProductRestController[showAllProducts] Viewed All Products Present in the Database 57 
15:08 05/Apr/2021 INFO :com.cg.onlineshopping.controller.ProductRestController[showAllProducts] Viewed All Products Present in the Database 57 
15:27 05/Apr/2021 INFO :com.cg.onlineshopping.controller.ProductRestController[showAllProducts] Viewed All Products Present in the Database 57 
16:56 05/Apr/2021 INFO :com.cg.onlineshopping.controller.ProductRestController[showAllProducts] Viewed All Products Present in the Database 57 
16:58 05/Apr/2021 INFO :com.cg.onlineshopping.controller.ProductRestController[showAllProducts] Viewed All Products Present in the Database 57 
17:03 05/Apr/2021 INFO :com.cg.onlineshopping.controller.ProductRestController[showAllProducts] Viewed All Products Present in the Database 57 
17:13 05/Apr/2021 INFO :com.cg.onlineshopping.controller.ProductRestController[showAllProducts] Viewed All Products Present in the Database 57 
17:32 05/Apr/2021 INFO :com.cg.onlineshopping.controller.ProductRestController[showAllProducts] Viewed All Products Present in the Database 57 
17:34 05/Apr/2021 INFO :com.cg.onlineshopping.controller.ProductRestController[showAllProducts] Viewed All Products Present in the Database 57 
10:45 06/Apr/2021 INFO :com.cg.onlineshopping.controller.ProductRestController[createProduct] New product added into the Database 65 
10:45 06/Apr/2021 INFO :com.cg.onlineshopping.controller.ProductRestController[showAllProducts] Viewed All Products Present in the Database 57 
10:45 06/Apr/2021 INFO :com.cg.onlineshopping.controller.ProductRestController[showAllProducts] Viewed All Products Present in the Database 57 
10:45 06/Apr/2021 INFO :com.cg.onlineshopping.controller.ProductRestController[createProduct] New product added into the Database 65 
10:45 06/Apr/2021 INFO :com.cg.onlineshopping.controller.ProductRestController[showAllProducts] Viewed All Products Present in the Database 57 
10:45 06/Apr/2021 INFO :com.cg.onlineshopping.controller.ProductRestController[showAllProducts] Viewed All Products Present in the Database 57 
10:45 06/Apr/2021 INFO :com.cg.onlineshopping.controller.ProductRestController[showAllProducts] Viewed All Products Present in the Database 57 
10:45 06/Apr/2021 INFO :com.cg.onlineshopping.controller.ProductRestController[showAllProducts] Viewed All Products Present in the Database 57 
10:47 06/Apr/2021 INFO :com.cg.onlineshopping.controller.ProductRestController[showAllProducts] Viewed All Products Present in the Database 57 
10:47 06/Apr/2021 INFO :com.cg.onlineshopping.controller.ProductRestController[showAllProducts] Viewed All Products Present in the Database 57 
11:16 06/Apr/2021 INFO :com.cg.onlineshopping.controller.ProductRestController[showAllProducts] Viewed All Products Present in the Database 57 
11:16 06/Apr/2021 INFO :com.cg.onlineshopping.controller.ProductRestController[showAllProducts] Viewed All Products Present in the Database 57 
11:20 06/Apr/2021 INFO :com.cg.onlineshopping.controller.ProductRestController[showAllProducts] Viewed All Products Present in the Database 57 
11:20 06/Apr/2021 INFO :com.cg.onlineshopping.controller.ProductRestController[showAllProducts] Viewed All Products Present in the Database 57 
11:34 06/Apr/2021 INFO :com.cg.onlineshopping.controller.ProductRestController[showAllProducts] Viewed All Products Present in the Database 57 
11:34 06/Apr/2021 INFO :com.cg.onlineshopping.controller.ProductRestController[showAllProducts] Viewed All Products Present in the Database 57 
11:36 06/Apr/2021 INFO :com.cg.onlineshopping.controller.ProductRestController[showAllProducts] Viewed All Products Present in the Database 57 
11:36 06/Apr/2021 INFO :com.cg.onlineshopping.controller.ProductRestController[showAllProducts] Viewed All Products Present in the Database 57 
11:37 06/Apr/2021 INFO :com.cg.onlineshopping.controller.ProductRestController[showAllProducts] Viewed All Products Present in the Database 57 
11:37 06/Apr/2021 INFO :com.cg.onlineshopping.controller.ProductRestController[showAllProducts] Viewed All Products Present in the Database 57 
11:38 06/Apr/2021 INFO :com.cg.onlineshopping.controller.ProductRestController[showAllProducts] Viewed All Products Present in the Database 57 
11:38 06/Apr/2021 INFO :com.cg.onlineshopping.controller.ProductRestController[showAllProducts] Viewed All Products Present in the Database 57 
11:41 06/Apr/2021 INFO :com.cg.onlineshopping.controller.ProductRestController[showAllProducts] Viewed All Products Present in the Database 57 
11:41 06/Apr/2021 INFO :com.cg.onlineshopping.controller.ProductRestController[showAllProducts] Viewed All Products Present in the Database 57 
11:41 06/Apr/2021 INFO :com.cg.onlineshopping.controller.ProductRestController[showAllProducts] Viewed All Products Present in the Database 57 
11:41 06/Apr/2021 INFO :com.cg.onlineshopping.controller.ProductRestController[showAllProducts] Viewed All Products Present in the Database 57 
11:41 06/Apr/2021 INFO :com.cg.onlineshopping.controller.ProductRestController[showAllProducts] Viewed All Products Present in the Database 57 
11:41 06/Apr/2021 INFO :com.cg.onlineshopping.controller.ProductRestController[showAllProducts] Viewed All Products Present in the Database 57 
11:41 06/Apr/2021 INFO :com.cg.onlineshopping.controller.ProductRestController[showAllProducts] Viewed All Products Present in the Database 57 
11:41 06/Apr/2021 INFO :com.cg.onlineshopping.controller.ProductRestController[showAllProducts] Viewed All Products Present in the Database 57 
11:41 06/Apr/2021 INFO :com.cg.onlineshopping.controller.ProductRestController[showAllProducts] Viewed All Products Present in the Database 57 
11:41 06/Apr/2021 INFO :com.cg.onlineshopping.controller.ProductRestController[showAllProducts] Viewed All Products Present in the Database 57 
11:44 06/Apr/2021 INFO :com.cg.onlineshopping.controller.ProductRestController[createProduct] New product added into the Database 65 
11:44 06/Apr/2021 INFO :com.cg.onlineshopping.controller.ProductRestController[showAllProducts] Viewed All Products Present in the Database 57 
11:44 06/Apr/2021 INFO :com.cg.onlineshopping.controller.ProductRestController[showAllProducts] Viewed All Products Present in the Database 57 
11:44 06/Apr/2021 INFO :com.cg.onlineshopping.controller.ProductRestController[showAllProducts] Viewed All Products Present in the Database 57 
11:44 06/Apr/2021 INFO :com.cg.onlineshopping.controller.ProductRestController[showAllProducts] Viewed All Products Present in the Database 57 
12:55 06/Apr/2021 INFO :com.cg.onlineshopping.controller.ProductRestController[showAllProducts] Viewed All Products Present in the Database 57 
12:55 06/Apr/2021 INFO :com.cg.onlineshopping.controller.ProductRestController[showAllProducts] Viewed All Products Present in the Database 57 
12:57 06/Apr/2021 INFO :com.cg.onlineshopping.controller.ProductRestController[showAllProducts] Viewed All Products Present in the Database 57 
12:57 06/Apr/2021 INFO :com.cg.onlineshopping.controller.ProductRestController[showAllProducts] Viewed All Products Present in the Database 57 
13:05 06/Apr/2021 INFO :com.cg.onlineshopping.controller.ProductRestController[showAllProducts] Viewed All Products Present in the Database 57 
13:05 06/Apr/2021 INFO :com.cg.onlineshopping.controller.ProductRestController[showAllProducts] Viewed All Products Present in the Database 57 
13:06 06/Apr/2021 INFO :com.cg.onlineshopping.controller.ProductRestController[showAllProducts] Viewed All Products Present in the Database 57 
13:06 06/Apr/2021 INFO :com.cg.onlineshopping.controller.ProductRestController[showAllProducts] Viewed All Products Present in the Database 57 
13:06 06/Apr/2021 INFO :com.cg.onlineshopping.controller.ProductRestController[showAllProducts] Viewed All Products Present in the Database 57 
13:06 06/Apr/2021 INFO :com.cg.onlineshopping.controller.ProductRestController[showAllProducts] Viewed All Products Present in the Database 57 
13:08 06/Apr/2021 INFO :com.cg.onlineshopping.controller.ProductRestController[createProduct] New product added into the Database 65 
13:08 06/Apr/2021 INFO :com.cg.onlineshopping.controller.ProductRestController[showAllProducts] Viewed All Products Present in the Database 57 
13:08 06/Apr/2021 INFO :com.cg.onlineshopping.controller.ProductRestController[showAllProducts] Viewed All Products Present in the Database 57 
13:11 06/Apr/2021 INFO :com.cg.onlineshopping.controller.ProductRestController[showAllProducts] Viewed All Products Present in the Database 57 
13:11 06/Apr/2021 INFO :com.cg.onlineshopping.controller.ProductRestController[showAllProducts] Viewed All Products Present in the Database 57 
13:11 06/Apr/2021 INFO :com.cg.onlineshopping.controller.ProductRestController[showAllProducts] Viewed All Products Present in the Database 57 
13:11 06/Apr/2021 INFO :com.cg.onlineshopping.controller.ProductRestController[showAllProducts] Viewed All Products Present in the Database 57 
13:11 06/Apr/2021 INFO :com.cg.onlineshopping.controller.ProductRestController[showAllProducts] Viewed All Products Present in the Database 57 
13:11 06/Apr/2021 INFO :com.cg.onlineshopping.controller.ProductRestController[showAllProducts] Viewed All Products Present in the Database 57 
07:29 07/Apr/2021 INFO :com.cg.onlineshopping.controller.ProductRestController[showAllProducts] Viewed All Products Present in the Database 57 
07:30 07/Apr/2021 INFO :com.cg.onlineshopping.controller.ProductRestController[showAllProducts] Viewed All Products Present in the Database 57 
07:31 07/Apr/2021 INFO :com.cg.onlineshopping.controller.ProductRestController[showAllProducts] Viewed All Products Present in the Database 57 
07:32 07/Apr/2021 INFO :com.cg.onlineshopping.controller.ProductRestController[showAllProducts] Viewed All Products Present in the Database 57 
07:32 07/Apr/2021 INFO :com.cg.onlineshopping.controller.ProductRestController[showAllProducts] Viewed All Products Present in the Database 57 
07:32 07/Apr/2021 INFO :com.cg.onlineshopping.controller.ProductRestController[showAllProducts] Viewed All Products Present in the Database 57 
07:36 07/Apr/2021 INFO :com.cg.onlineshopping.controller.ProductRestController[createProduct] New product added into the Database 65 
07:36 07/Apr/2021 INFO :com.cg.onlineshopping.controller.ProductRestController[showAllProducts] Viewed All Products Present in the Database 57 
07:36 07/Apr/2021 INFO :com.cg.onlineshopping.controller.ProductRestController[showAllProducts] Viewed All Products Present in the Database 57 
07:37 07/Apr/2021 INFO :com.cg.onlineshopping.controller.ProductRestController[showAllProducts] Viewed All Products Present in the Database 57 
07:39 07/Apr/2021 INFO :com.cg.onlineshopping.controller.ProductRestController[showAllProducts] Viewed All Products Present in the Database 57 
08:02 07/Apr/2021 INFO :com.cg.onlineshopping.controller.ProductRestController[showAllProducts] Viewed All Products Present in the Database 57 
08:08 07/Apr/2021 INFO :com.cg.onlineshopping.controller.ProductRestController[showAllProducts] Viewed All Products Present in the Database 57 
08:11 07/Apr/2021 INFO :com.cg.onlineshopping.controller.ProductRestController[showAllProducts] Viewed All Products Present in the Database 57 
08:12 07/Apr/2021 INFO :com.cg.onlineshopping.controller.ProductRestController[showAllProducts] Viewed All Products Present in the Database 57 
08:14 07/Apr/2021 INFO :com.cg.onlineshopping.controller.ProductRestController[showAllProducts] Viewed All Products Present in the Database 57 
08:15 07/Apr/2021 INFO :com.cg.onlineshopping.controller.ProductRestController[showAllProducts] Viewed All Products Present in the Database 57 
08:18 07/Apr/2021 INFO :com.cg.onlineshopping.controller.ProductRestController[showAllProducts] Viewed All Products Present in the Database 57 
08:21 07/Apr/2021 INFO :com.cg.onlineshopping.controller.ProductRestController[showAllProducts] Viewed All Products Present in the Database 57 
08:25 07/Apr/2021 INFO :com.cg.onlineshopping.controller.ProductRestController[showAllProducts] Viewed All Products Present in the Database 57 
08:28 07/Apr/2021 INFO :com.cg.onlineshopping.controller.ProductRestController[showAllProducts] Viewed All Products Present in the Database 57 
08:38 07/Apr/2021 INFO :com.cg.onlineshopping.controller.ProductRestController[showAllProducts] Viewed All Products Present in the Database 57 
08:38 07/Apr/2021 INFO :com.cg.onlineshopping.controller.ProductRestController[showAllProducts] Viewed All Products Present in the Database 57 
08:44 07/Apr/2021 INFO :com.cg.onlineshopping.controller.ProductRestController[showAllProducts] Viewed All Products Present in the Database 57 
08:44 07/Apr/2021 INFO :com.cg.onlineshopping.controller.ProductRestController[deleteProduct] Controller Triggered 88 
09:02 07/Apr/2021 INFO :com.cg.onlineshopping.controller.ProductRestController[createProduct] New product added into the Database 65 
09:02 07/Apr/2021 INFO :com.cg.onlineshopping.controller.ProductRestController[showAllProducts] Viewed All Products Present in the Database 57 
09:02 07/Apr/2021 INFO :com.cg.onlineshopping.controller.ProductRestController[showAllProducts] Viewed All Products Present in the Database 57 
09:02 07/Apr/2021 INFO :com.cg.onlineshopping.controller.ProductRestController[showAllProducts] Viewed All Products Present in the Database 57 
09:03 07/Apr/2021 INFO :com.cg.onlineshopping.controller.ProductRestController[showAllProducts] Viewed All Products Present in the Database 57 
09:03 07/Apr/2021 INFO :com.cg.onlineshopping.controller.ProductRestController[showAllProducts] Viewed All Products Present in the Database 57 
09:12 07/Apr/2021 INFO :com.cg.onlineshopping.controller.ProductRestController[showAllProducts] Viewed All Products Present in the Database 57 
09:15 07/Apr/2021 INFO :com.cg.onlineshopping.controller.ProductRestController[showAllProducts] Viewed All Products Present in the Database 57 
09:35 07/Apr/2021 INFO :com.cg.onlineshopping.controller.ProductRestController[showAllProducts] Viewed All Products Present in the Database 57 
09:37 07/Apr/2021 INFO :com.cg.onlineshopping.controller.ProductRestController[showAllProducts] Viewed All Products Present in the Database 57 
09:37 07/Apr/2021 INFO :com.cg.onlineshopping.controller.ProductRestController[showAllProducts] Viewed All Products Present in the Database 57 
09:44 07/Apr/2021 INFO :com.cg.onlineshopping.controller.ProductRestController[showAllProducts] Viewed All Products Present in the Database 57 
09:47 07/Apr/2021 INFO :com.cg.onlineshopping.controller.ProductRestController[showAllProducts] Viewed All Products Present in the Database 57 
09:47 07/Apr/2021 INFO :com.cg.onlineshopping.controller.ProductRestController[showAllProducts] Viewed All Products Present in the Database 57 
09:51 07/Apr/2021 INFO :com.cg.onlineshopping.controller.ProductRestController[showAllProducts] Viewed All Products Present in the Database 57 
09:58 07/Apr/2021 INFO :com.cg.onlineshopping.controller.ProductRestController[showAllProducts] Viewed All Products Present in the Database 57 
09:59 07/Apr/2021 INFO :com.cg.onlineshopping.controller.ProductRestController[showAllProducts] Viewed All Products Present in the Database 57 
10:00 07/Apr/2021 INFO :com.cg.onlineshopping.controller.ProductRestController[showAllProducts] Viewed All Products Present in the Database 57 
10:00 07/Apr/2021 INFO :com.cg.onlineshopping.controller.ProductRestController[showAllProducts] Viewed All Products Present in the Database 57 
10:00 07/Apr/2021 INFO :com.cg.onlineshopping.controller.ProductRestController[showAllProducts] Viewed All Products Present in the Database 57 
10:00 07/Apr/2021 INFO :com.cg.onlineshopping.controller.ProductRestController[showAllProducts] Viewed All Products Present in the Database 57 
10:01 07/Apr/2021 INFO :com.cg.onlineshopping.controller.ProductRestController[showAllProducts] Viewed All Products Present in the Database 57 
10:01 07/Apr/2021 INFO :com.cg.onlineshopping.controller.ProductRestController[showAllProducts] Viewed All Products Present in the Database 57 
10:01 07/Apr/2021 INFO :com.cg.onlineshopping.controller.ProductRestController[showAllProducts] Viewed All Products Present in the Database 57 
10:01 07/Apr/2021 INFO :com.cg.onlineshopping.controller.ProductRestController[showAllProducts] Viewed All Products Present in the Database 57 
10:01 07/Apr/2021 INFO :com.cg.onlineshopping.controller.ProductRestController[showAllProducts] Viewed All Products Present in the Database 57 
10:01 07/Apr/2021 INFO :com.cg.onlineshopping.controller.ProductRestController[showAllProducts] Viewed All Products Present in the Database 57 
10:02 07/Apr/2021 INFO :com.cg.onlineshopping.controller.ProductRestController[showAllProducts] Viewed All Products Present in the Database 57 
10:03 07/Apr/2021 INFO :com.cg.onlineshopping.controller.ProductRestController[showAllProducts] Viewed All Products Present in the Database 57 
10:03 07/Apr/2021 INFO :com.cg.onlineshopping.controller.ProductRestController[showAllProducts] Viewed All Products Present in the Database 57 
10:04 07/Apr/2021 INFO :com.cg.onlineshopping.controller.ProductRestController[showAllProducts] Viewed All Products Present in the Database 57 
10:07 07/Apr/2021 INFO :com.cg.onlineshopping.controller.ProductRestController[showAllProducts] Viewed All Products Present in the Database 57 
10:07 07/Apr/2021 INFO :com.cg.onlineshopping.controller.ProductRestController[showAllProducts] Viewed All Products Present in the Database 57 
10:07 07/Apr/2021 INFO :com.cg.onlineshopping.controller.ProductRestController[showAllProducts] Viewed All Products Present in the Database 57 
10:07 07/Apr/2021 INFO :com.cg.onlineshopping.controller.ProductRestController[showAllProducts] Viewed All Products Present in the Database 57 
10:07 07/Apr/2021 INFO :com.cg.onlineshopping.controller.ProductRestController[showAllProducts] Viewed All Products Present in the Database 57 
10:08 07/Apr/2021 INFO :com.cg.onlineshopping.controller.ProductRestController[showAllProducts] Viewed All Products Present in the Database 57 
10:08 07/Apr/2021 INFO :com.cg.onlineshopping.controller.ProductRestController[showAllProducts] Viewed All Products Present in the Database 57 
10:08 07/Apr/2021 INFO :com.cg.onlineshopping.controller.ProductRestController[showAllProducts] Viewed All Products Present in the Database 57 
10:09 07/Apr/2021 INFO :com.cg.onlineshopping.controller.ProductRestController[showAllProducts] Viewed All Products Present in the Database 57 
10:10 07/Apr/2021 INFO :com.cg.onlineshopping.controller.ProductRestController[showAllProducts] Viewed All Products Present in the Database 57 
10:10 07/Apr/2021 INFO :com.cg.onlineshopping.controller.ProductRestController[createProduct] New product added into the Database 65 
10:10 07/Apr/2021 INFO :com.cg.onlineshopping.controller.ProductRestController[showAllProducts] Viewed All Products Present in the Database 57 
10:10 07/Apr/2021 INFO :com.cg.onlineshopping.controller.ProductRestController[showAllProducts] Viewed All Products Present in the Database 57 
10:10 07/Apr/2021 INFO :com.cg.onlineshopping.controller.ProductRestController[showAllProducts] Viewed All Products Present in the Database 57 
10:11 07/Apr/2021 INFO :com.cg.onlineshopping.controller.ProductRestController[showAllProducts] Viewed All Products Present in the Database 57 
10:11 07/Apr/2021 INFO :com.cg.onlineshopping.controller.ProductRestController[showAllProducts] Viewed All Products Present in the Database 57 
10:11 07/Apr/2021 INFO :com.cg.onlineshopping.controller.ProductRestController[showAllProducts] Viewed All Products Present in the Database 57 
10:11 07/Apr/2021 INFO :com.cg.onlineshopping.controller.ProductRestController[showAllProducts] Viewed All Products Present in the Database 57 
10:12 07/Apr/2021 INFO :com.cg.onlineshopping.controller.ProductRestController[createProduct] New product added into the Database 65 
10:12 07/Apr/2021 INFO :com.cg.onlineshopping.controller.ProductRestController[showAllProducts] Viewed All Products Present in the Database 57 
10:12 07/Apr/2021 INFO :com.cg.onlineshopping.controller.ProductRestController[showAllProducts] Viewed All Products Present in the Database 57 
10:12 07/Apr/2021 INFO :com.cg.onlineshopping.controller.ProductRestController[showAllProducts] Viewed All Products Present in the Database 57 
10:13 07/Apr/2021 INFO :com.cg.onlineshopping.controller.ProductRestController[showAllProducts] Viewed All Products Present in the Database 57 
10:13 07/Apr/2021 INFO :com.cg.onlineshopping.controller.ProductRestController[showAllProducts] Viewed All Products Present in the Database 57 
10:15 07/Apr/2021 INFO :com.cg.onlineshopping.controller.ProductRestController[showAllProducts] Viewed All Products Present in the Database 57 
10:15 07/Apr/2021 INFO :com.cg.onlineshopping.controller.ProductRestController[showProductById] Controller Triggered 80 
10:15 07/Apr/2021 INFO :com.cg.onlineshopping.controller.ProductRestController[updateProduct] Existing product updated in the Database 73 
10:15 07/Apr/2021 INFO :com.cg.onlineshopping.controller.ProductRestController[showAllProducts] Viewed All Products Present in the Database 57 
10:18 07/Apr/2021 INFO :com.cg.onlineshopping.controller.ProductRestController[showAllProducts] Viewed All Products Present in the Database 57 
10:19 07/Apr/2021 INFO :com.cg.onlineshopping.controller.ProductRestController[showAllProducts] Viewed All Products Present in the Database 57 
10:20 07/Apr/2021 INFO :com.cg.onlineshopping.controller.ProductRestController[showAllProducts] Viewed All Products Present in the Database 57 
10:32 07/Apr/2021 INFO :com.cg.onlineshopping.controller.ProductRestController[showAllProducts] Viewed All Products Present in the Database 57 
10:41 07/Apr/2021 INFO :com.cg.onlineshopping.controller.ProductRestController[showAllProducts] Viewed All Products Present in the Database 57 
10:41 07/Apr/2021 INFO :com.cg.onlineshopping.controller.ProductRestController[showAllProducts] Viewed All Products Present in the Database 57 
10:44 07/Apr/2021 INFO :com.cg.onlineshopping.controller.ProductRestController[showAllProducts] Viewed All Products Present in the Database 57 
10:57 07/Apr/2021 INFO :com.cg.onlineshopping.controller.ProductRestController[showAllProducts] Viewed All Products Present in the Database 57 
10:57 07/Apr/2021 INFO :com.cg.onlineshopping.controller.ProductRestController[showAllProducts] Viewed All Products Present in the Database 57 
10:57 07/Apr/2021 INFO :com.cg.onlineshopping.controller.ProductRestController[showAllProducts] Viewed All Products Present in the Database 57 
11:12 07/Apr/2021 INFO :com.cg.onlineshopping.controller.ProductRestController[showAllProducts] Viewed All Products Present in the Database 57 
11:12 07/Apr/2021 INFO :com.cg.onlineshopping.controller.ProductRestController[showAllProducts] Viewed All Products Present in the Database 57 
11:16 07/Apr/2021 INFO :com.cg.onlineshopping.controller.ProductRestController[showAllProducts] Viewed All Products Present in the Database 57 
11:17 07/Apr/2021 INFO :com.cg.onlineshopping.controller.ProductRestController[showAllProducts] Viewed All Products Present in the Database 57 
11:17 07/Apr/2021 INFO :com.cg.onlineshopping.controller.ProductRestController[showAllProducts] Viewed All Products Present in the Database 57 
11:17 07/Apr/2021 INFO :com.cg.onlineshopping.controller.ProductRestController[showAllProducts] Viewed All Products Present in the Database 57 
17:19 07/Apr/2021 INFO :com.cg.onlineshopping.controller.ProductRestController[showAllProducts] Viewed All Products Present in the Database 57 
17:19 07/Apr/2021 INFO :com.cg.onlineshopping.controller.ProductRestController[showAllProducts] Viewed All Products Present in the Database 57 
17:28 07/Apr/2021 INFO :com.cg.onlineshopping.controller.ProductRestController[showAllProducts] Viewed All Products Present in the Database 57 
17:28 07/Apr/2021 INFO :com.cg.onlineshopping.controller.ProductRestController[showAllProducts] Viewed All Products Present in the Database 57 
17:31 07/Apr/2021 INFO :com.cg.onlineshopping.controller.ProductRestController[showAllProducts] Viewed All Products Present in the Database 57 
17:31 07/Apr/2021 INFO :com.cg.onlineshopping.controller.ProductRestController[showAllProducts] Viewed All Products Present in the Database 57 
17:31 07/Apr/2021 INFO :com.cg.onlineshopping.controller.ProductRestController[showAllProducts] Viewed All Products Present in the Database 57 
17:31 07/Apr/2021 INFO :com.cg.onlineshopping.controller.ProductRestController[showAllProducts] Viewed All Products Present in the Database 57 
17:32 07/Apr/2021 INFO :com.cg.onlineshopping.controller.ProductRestController[showAllProducts] Viewed All Products Present in the Database 57 
17:32 07/Apr/2021 INFO :com.cg.onlineshopping.controller.ProductRestController[showAllProducts] Viewed All Products Present in the Database 57 
17:41 07/Apr/2021 INFO :com.cg.onlineshopping.controller.ProductRestController[showAllProducts] Viewed All Products Present in the Database 57 
17:41 07/Apr/2021 INFO :com.cg.onlineshopping.controller.ProductRestController[showAllProducts] Viewed All Products Present in the Database 57 
17:42 07/Apr/2021 INFO :com.cg.onlineshopping.controller.ProductRestController[showAllProducts] Viewed All Products Present in the Database 57 
17:42 07/Apr/2021 INFO :com.cg.onlineshopping.controller.ProductRestController[showAllProducts] Viewed All Products Present in the Database 57 
17:46 07/Apr/2021 INFO :com.cg.onlineshopping.controller.ProductRestController[showAllProducts] Viewed All Products Present in the Database 57 
17:46 07/Apr/2021 INFO :com.cg.onlineshopping.controller.ProductRestController[showAllProducts] Viewed All Products Present in the Database 57 
17:48 07/Apr/2021 INFO :com.cg.onlineshopping.controller.ProductRestController[showAllProducts] Viewed All Products Present in the Database 57 
17:48 07/Apr/2021 INFO :com.cg.onlineshopping.controller.ProductRestController[showAllProducts] Viewed All Products Present in the Database 57 
17:51 07/Apr/2021 INFO :com.cg.onlineshopping.controller.ProductRestController[showAllProducts] Viewed All Products Present in the Database 57 
17:51 07/Apr/2021 INFO :com.cg.onlineshopping.controller.ProductRestController[showAllProducts] Viewed All Products Present in the Database 57 
17:52 07/Apr/2021 INFO :com.cg.onlineshopping.controller.ProductRestController[showAllProducts] Viewed All Products Present in the Database 57 
17:52 07/Apr/2021 INFO :com.cg.onlineshopping.controller.ProductRestController[showAllProducts] Viewed All Products Present in the Database 57 
17:52 07/Apr/2021 INFO :com.cg.onlineshopping.controller.ProductRestController[showAllProducts] Viewed All Products Present in the Database 57 
17:52 07/Apr/2021 INFO :com.cg.onlineshopping.controller.ProductRestController[showAllProducts] Viewed All Products Present in the Database 57 
17:53 07/Apr/2021 INFO :com.cg.onlineshopping.controller.ProductRestController[showAllProducts] Viewed All Products Present in the Database 57 
17:53 07/Apr/2021 INFO :com.cg.onlineshopping.controller.ProductRestController[showAllProducts] Viewed All Products Present in the Database 57 
17:53 07/Apr/2021 INFO :com.cg.onlineshopping.controller.ProductRestController[showAllProducts] Viewed All Products Present in the Database 57 
17:53 07/Apr/2021 INFO :com.cg.onlineshopping.controller.ProductRestController[showAllProducts] Viewed All Products Present in the Database 57 
17:55 07/Apr/2021 INFO :com.cg.onlineshopping.controller.ProductRestController[showAllProducts] Viewed All Products Present in the Database 57 
17:55 07/Apr/2021 INFO :com.cg.onlineshopping.controller.ProductRestController[showAllProducts] Viewed All Products Present in the Database 57 
17:55 07/Apr/2021 INFO :com.cg.onlineshopping.controller.ProductRestController[showAllProducts] Viewed All Products Present in the Database 57 
17:55 07/Apr/2021 INFO :com.cg.onlineshopping.controller.ProductRestController[showAllProducts] Viewed All Products Present in the Database 57 
18:02 07/Apr/2021 INFO :com.cg.onlineshopping.controller.ProductRestController[showAllProducts] Viewed All Products Present in the Database 57 
18:03 07/Apr/2021 INFO :com.cg.onlineshopping.controller.ProductRestController[showAllProducts] Viewed All Products Present in the Database 57 
19:28 07/Apr/2021 INFO :com.cg.onlineshopping.controller.ProductRestController[showAllProducts] Viewed All Products Present in the Database 57 
19:28 07/Apr/2021 INFO :com.cg.onlineshopping.controller.ProductRestController[showAllProducts] Viewed All Products Present in the Database 57 
19:37 07/Apr/2021 INFO :com.cg.onlineshopping.controller.ProductRestController[showAllProducts] Viewed All Products Present in the Database 57 
19:37 07/Apr/2021 INFO :com.cg.onlineshopping.controller.ProductRestController[showAllProducts] Viewed All Products Present in the Database 57 
19:38 07/Apr/2021 INFO :com.cg.onlineshopping.controller.ProductRestController[showAllProducts] Viewed All Products Present in the Database 57 
19:38 07/Apr/2021 INFO :com.cg.onlineshopping.controller.ProductRestController[showAllProducts] Viewed All Products Present in the Database 57 
19:38 07/Apr/2021 INFO :com.cg.onlineshopping.controller.ProductRestController[showAllProducts] Viewed All Products Present in the Database 57 
19:41 07/Apr/2021 INFO :com.cg.onlineshopping.controller.ProductRestController[showAllProducts] Viewed All Products Present in the Database 57 
19:43 07/Apr/2021 INFO :com.cg.onlineshopping.controller.ProductRestController[showAllProducts] Viewed All Products Present in the Database 57 
19:44 07/Apr/2021 INFO :com.cg.onlineshopping.controller.ProductRestController[showAllProducts] Viewed All Products Present in the Database 57 
19:47 07/Apr/2021 INFO :com.cg.onlineshopping.controller.ProductRestController[showAllProducts] Viewed All Products Present in the Database 57 
20:00 07/Apr/2021 INFO :com.cg.onlineshopping.controller.ProductRestController[showAllProducts] Viewed All Products Present in the Database 57 
20:41 07/Apr/2021 INFO :com.cg.onlineshopping.controller.ProductRestController[showAllProducts] Viewed All Products Present in the Database 57 
20:45 07/Apr/2021 INFO :com.cg.onlineshopping.controller.ProductRestController[showAllProducts] Viewed All Products Present in the Database 57 
20:46 07/Apr/2021 INFO :com.cg.onlineshopping.controller.ProductRestController[showAllProducts] Viewed All Products Present in the Database 57 
20:53 07/Apr/2021 INFO :com.cg.onlineshopping.controller.CustomerRestController[createCustomer] New customer added into the Database 60 
20:53 07/Apr/2021 INFO :com.cg.onlineshopping.controller.CustomerRestController[showAllCustomers] Viewed All Customers Present in the Database 50 
21:08 07/Apr/2021 INFO :com.cg.onlineshopping.controller.ProductRestController[showAllProducts] Viewed All Products Present in the Database 57 
21:30 07/Apr/2021 INFO :com.cg.onlineshopping.controller.ProductRestController[showAllProducts] Viewed All Products Present in the Database 57 
22:42 07/Apr/2021 INFO :com.cg.onlineshopping.controller.ProductRestController[showAllProducts] Viewed All Products Present in the Database 57 
22:43 07/Apr/2021 INFO :com.cg.onlineshopping.controller.ProductRestController[showAllProducts] Viewed All Products Present in the Database 57 
22:43 07/Apr/2021 INFO :com.cg.onlineshopping.controller.ProductRestController[showAllProducts] Viewed All Products Present in the Database 57 
22:43 07/Apr/2021 INFO :com.cg.onlineshopping.controller.ProductRestController[showAllProducts] Viewed All Products Present in the Database 57 
22:44 07/Apr/2021 INFO :com.cg.onlineshopping.controller.ProductRestController[showAllProducts] Viewed All Products Present in the Database 57 
22:44 07/Apr/2021 INFO :com.cg.onlineshopping.controller.ProductRestController[showAllProducts] Viewed All Products Present in the Database 57 
22:45 07/Apr/2021 INFO :com.cg.onlineshopping.controller.ProductRestController[showAllProducts] Viewed All Products Present in the Database 57 
22:52 07/Apr/2021 INFO :com.cg.onlineshopping.controller.ProductRestController[showAllProducts] Viewed All Products Present in the Database 57 
22:53 07/Apr/2021 INFO :com.cg.onlineshopping.controller.ProductRestController[showAllProducts] Viewed All Products Present in the Database 57 
22:55 07/Apr/2021 INFO :com.cg.onlineshopping.controller.ProductRestController[showAllProducts] Viewed All Products Present in the Database 57 
22:55 07/Apr/2021 INFO :com.cg.onlineshopping.controller.ProductRestController[showAllProducts] Viewed All Products Present in the Database 57 
22:56 07/Apr/2021 INFO :com.cg.onlineshopping.controller.ProductRestController[showAllProducts] Viewed All Products Present in the Database 57 
22:56 07/Apr/2021 INFO :com.cg.onlineshopping.controller.ProductRestController[showAllProducts] Viewed All Products Present in the Database 57 
22:56 07/Apr/2021 INFO :com.cg.onlineshopping.controller.ProductRestController[showAllProducts] Viewed All Products Present in the Database 57 
22:56 07/Apr/2021 INFO :com.cg.onlineshopping.controller.ProductRestController[deleteProduct] Controller Triggered 88 
22:56 07/Apr/2021 INFO :com.cg.onlineshopping.controller.ProductRestController[deleteProduct] Controller Triggered 88 
22:56 07/Apr/2021 INFO :com.cg.onlineshopping.controller.ProductRestController[deleteProduct] Controller Triggered 88 
22:56 07/Apr/2021 INFO :com.cg.onlineshopping.controller.ProductRestController[createProduct] New product added into the Database 65 
22:56 07/Apr/2021 INFO :com.cg.onlineshopping.controller.ProductRestController[showAllProducts] Viewed All Products Present in the Database 57 
22:56 07/Apr/2021 INFO :com.cg.onlineshopping.controller.ProductRestController[showAllProducts] Viewed All Products Present in the Database 57 
23:03 07/Apr/2021 INFO :com.cg.onlineshopping.controller.ProductRestController[showAllProducts] Viewed All Products Present in the Database 57 
23:20 07/Apr/2021 INFO :com.cg.onlineshopping.controller.ProductRestController[showAllProducts] Viewed All Products Present in the Database 57 
23:21 07/Apr/2021 INFO :com.cg.onlineshopping.controller.ProductRestController[showAllProducts] Viewed All Products Present in the Database 57 
08:13 08/Apr/2021 INFO :com.cg.onlineshopping.controller.ProductRestController[showAllProducts] Viewed All Products Present in the Database 57 
08:25 08/Apr/2021 INFO :com.cg.onlineshopping.controller.ProductRestController[showAllProducts] Viewed All Products Present in the Database 57 
08:42 08/Apr/2021 INFO :com.cg.onlineshopping.controller.ProductRestController[showAllProducts] Viewed All Products Present in the Database 57 
08:44 08/Apr/2021 INFO :com.cg.onlineshopping.controller.ProductRestController[showAllProducts] Viewed All Products Present in the Database 57 
08:44 08/Apr/2021 INFO :com.cg.onlineshopping.controller.ProductRestController[createProduct] New product added into the Database 65 
08:44 08/Apr/2021 INFO :com.cg.onlineshopping.controller.ProductRestController[showAllProducts] Viewed All Products Present in the Database 57 
08:45 08/Apr/2021 INFO :com.cg.onlineshopping.controller.ProductRestController[showAllProducts] Viewed All Products Present in the Database 57 
09:32 08/Apr/2021 INFO :com.cg.onlineshopping.controller.ProductRestController[showAllProducts] Viewed All Products Present in the Database 57 
09:32 08/Apr/2021 INFO :com.cg.onlineshopping.controller.ProductRestController[showAllProducts] Viewed All Products Present in the Database 57 
09:33 08/Apr/2021 INFO :com.cg.onlineshopping.controller.ProductRestController[showAllProducts] Viewed All Products Present in the Database 57 
09:34 08/Apr/2021 INFO :com.cg.onlineshopping.controller.ProductRestController[showAllProducts] Viewed All Products Present in the Database 57 
09:34 08/Apr/2021 INFO :com.cg.onlineshopping.controller.ProductRestController[showAllProducts] Viewed All Products Present in the Database 57 
09:34 08/Apr/2021 INFO :com.cg.onlineshopping.controller.ProductRestController[showAllProducts] Viewed All Products Present in the Database 57 
09:35 08/Apr/2021 INFO :com.cg.onlineshopping.controller.ProductRestController[showAllProducts] Viewed All Products Present in the Database 57 
09:52 08/Apr/2021 INFO :com.cg.onlineshopping.controller.CustomerRestController[showAllCustomers] Viewed All Customers Present in the Database 50 
10:00 08/Apr/2021 INFO :com.cg.onlineshopping.controller.ProductRestController[showAllProducts] Viewed All Products Present in the Database 57 
10:02 08/Apr/2021 INFO :com.cg.onlineshopping.controller.ProductRestController[showAllProducts] Viewed All Products Present in the Database 57 
10:03 08/Apr/2021 INFO :com.cg.onlineshopping.controller.ProductRestController[showAllProducts] Viewed All Products Present in the Database 57 
10:03 08/Apr/2021 INFO :com.cg.onlineshopping.controller.ProductRestController[createProduct] New product added into the Database 65 
10:03 08/Apr/2021 INFO :com.cg.onlineshopping.controller.ProductRestController[showAllProducts] Viewed All Products Present in the Database 57 
10:14 08/Apr/2021 INFO :com.cg.onlineshopping.controller.ProductRestController[createProduct] New product added into the Database 65 
10:14 08/Apr/2021 INFO :com.cg.onlineshopping.controller.ProductRestController[createProduct] New product added into the Database 65 
10:14 08/Apr/2021 INFO :com.cg.onlineshopping.controller.ProductRestController[showAllProducts] Viewed All Products Present in the Database 57 
10:14 08/Apr/2021 INFO :com.cg.onlineshopping.controller.ProductRestController[showAllProducts] Viewed All Products Present in the Database 57 
10:17 08/Apr/2021 INFO :com.cg.onlineshopping.controller.ProductRestController[showAllProducts] Viewed All Products Present in the Database 57 
